Build started 4/16/2015 7:14:23 AM.
     1>Project "C:\Users\CloudWindfoot\Documents\GitHub\SpaceShooter\SpaceShooter\Intermediate\ProjectFiles\SpaceShooter.vcxproj" on node 2 (Build target(s)).
     1>Build:
         "C:\Program Files\Epic Games\4.7\Engine\Build\BatchFiles\Build.bat" SpaceShooterEditor Win64 Development "C:\Users\CloudWindfoot\Documents\GitHub\SpaceShooter\SpaceShooter\SpaceShooter.uproject" -rocket
         Compiling game modules for hot reload
         Parsing headers for SpaceShooterEditor
         Reflection code generated for SpaceShooterEditor
         Performing 17 actions (4 in parallel)
         [3/17] Resource SpaceShooter.rc
         [2/17] Resource ModuleVersionResource.rc.inl
         PCH.SpaceShooter.SpaceShooter.h.cpp
     1>C:\Program Files (x86)\Microsoft Visual Studio 12.0\VC\INCLUDE\math.h(489): error C2059: syntax error : '('
     1>C:\Program Files (x86)\Microsoft Visual Studio 12.0\VC\INCLUDE\math.h(504): error C2059: syntax error : '('
     1>C:\Program Files (x86)\Microsoft Visual Studio 12.0\VC\INCLUDE\math.h(1061): error C2059: syntax error : '('
     1>C:\Program Files (x86)\Microsoft Visual Studio 12.0\VC\INCLUDE\math.h(1062): error C2143: syntax error : missing ';' before '{'
     1>C:\Program Files (x86)\Microsoft Visual Studio 12.0\VC\INCLUDE\math.h(1062): error C2447: '{' : missing function header (old-style formal list?)
     1>C:\Program Files (x86)\Microsoft Visual Studio 12.0\VC\INCLUDE\math.h(1099): error C2059: syntax error : '('
     1>C:\Program Files (x86)\Microsoft Visual Studio 12.0\VC\INCLUDE\math.h(1100): error C2143: syntax error : missing ';' before '{'
     1>C:\Program Files (x86)\Microsoft Visual Studio 12.0\VC\INCLUDE\math.h(1100): error C2447: '{' : missing function header (old-style formal list?)
     1>C:\Program Files (x86)\Microsoft Visual Studio 12.0\VC\INCLUDE\math.h(1177): error C2059: syntax error : '('
     1>C:\Program Files (x86)\Microsoft Visual Studio 12.0\VC\INCLUDE\math.h(1178): error C2143: syntax error : missing ';' before '{'
     1>C:\Program Files (x86)\Microsoft Visual Studio 12.0\VC\INCLUDE\math.h(1178): error C2447: '{' : missing function header (old-style formal list?)
     1>C:\Program Files (x86)\Microsoft Visual Studio 12.0\VC\INCLUDE\math.h(1215): error C2059: syntax error : '('
     1>C:\Program Files (x86)\Microsoft Visual Studio 12.0\VC\INCLUDE\math.h(1216): error C2143: syntax error : missing ';' before '{'
     1>C:\Program Files (x86)\Microsoft Visual Studio 12.0\VC\INCLUDE\math.h(1216): error C2447: '{' : missing function header (old-style formal list?)
         -------- End Detailed Actions Stats -----------------------------------------------------------
     1>ERROR : UBT error : Failed to produce item: C:\Users\CloudWindfoot\Documents\GitHub\SpaceShooter\SpaceShooter\Binaries\Win64\UE4Editor-SpaceShooter-9975.dll
         Cumulative action seconds (8 processors): 0.00 building projects, 24.61 compiling, 0.00 creating app bundles, 0.00 generating debug info, 0.00 linking, 0.00 other
         UBT execution time: 93.77 seconds
     1>C:\Program Files (x86)\MSBuild\Microsoft.Cpp\v4.0\V120\Microsoft.MakeFile.Targets(38,5): error MSB3073: The command ""C:\Program Files\Epic Games\4.7\Engine\Build\BatchFiles\Build.bat" SpaceShooterEditor Win64 Development "C:\Users\CloudWindfoot\Documents\GitHub\SpaceShooter\SpaceShooter\SpaceShooter.uproject" -rocket" exited with code -1.
     1>Done Building Project "C:\Users\CloudWindfoot\Documents\GitHub\SpaceShooter\SpaceShooter\Intermediate\ProjectFiles\SpaceShooter.vcxproj" (Build target(s)) -- FAILED.

Build FAILED.

Time Elapsed 00:01:43.21
